# JRE version: 7.0_04-b21
# Java VM: OpenJDK Server VM (23.0-b21 mixed mode linux-x86 )
Heap
 PSYoungGen      total 217728K, used 42991K [0x6a990000, 0x78f40000, 0x79b90000)
  eden space 202176K, 21% used [0x6a990000,0x6d333fa0,0x76f00000)
  from space 15552K, 2% used [0x78010000,0x78068000,0x78f40000)
  to   space 16512K, 0% used [0x76f00000,0x76f00000,0x77f20000)
 ParOldGen       total 80128K, used 40323K [0x4c590000, 0x513d0000, 0x6a990000)
  object space 80128K, 50% used [0x4c590000,0x4ecf0c90,0x513d0000)
 PSPermGen       total 53888K, used 30400K [0x44590000, 0x47a30000, 0x4c590000)
  object space 53888K, 56% used [0x44590000,0x463403f8,0x47a30000)
GC Heap History (10 events):
Event: 3281.969 GC heap before
{Heap before GC invocations=43 (full 2):
 PSYoungGen      total 201536K, used 201488K [0x6a990000, 0x797d0000, 0x79b90000)
  eden space 201280K, 100% used [0x6a990000,0x76e20000,0x76e20000)
  from space 256K, 81% used [0x76e20000,0x76e54000,0x76e60000)
  to   space 21056K, 0% used [0x78340000,0x78340000,0x797d0000)
 ParOldGen       total 80128K, used 40323K [0x4c590000, 0x513d0000, 0x6a990000)
  object space 80128K, 50% used [0x4c590000,0x4ecf0c90,0x513d0000)
 PSPermGen       total 53888K, used 30239K [0x44590000, 0x47a30000, 0x4c590000)
  object space 53888K, 56% used [0x44590000,0x46317fa0,0x47a30000)
Event: 3281.977 GC heap after
Heap after GC invocations=43 (full 2):
 PSYoungGen      total 220992K, used 272K [0x6a990000, 0x79610000, 0x79b90000)
  eden space 201728K, 0% used [0x6a990000,0x6a990000,0x76e90000)
  from space 19264K, 1% used [0x78340000,0x78384000,0x79610000)
  to   space 20224K, 0% used [0x76e90000,0x76e90000,0x78250000)
 ParOldGen       total 80128K, used 40323K [0x4c590000, 0x513d0000, 0x6a990000)
  object space 80128K, 50% used [0x4c590000,0x4ecf0c90,0x513d0000)
 PSPermGen       total 53888K, used 30239K [0x44590000, 0x47a30000, 0x4c590000)
  object space 53888K, 56% used [0x44590000,0x46317fa0,0x47a30000)
}
Event: 3370.004 GC heap before
{Heap before GC invocations=44 (full 2):
 PSYoungGen      total 220992K, used 202000K [0x6a990000, 0x79610000, 0x79b90000)
  eden space 201728K, 100% used [0x6a990000,0x76e90000,0x76e90000)
  from space 19264K, 1% used [0x78340000,0x78384000,0x79610000)
  to   space 20224K, 0% used [0x76e90000,0x76e90000,0x78250000)
 ParOldGen       total 80128K, used 40323K [0x4c590000, 0x513d0000, 0x6a990000)
  object space 80128K, 50% used [0x4c590000,0x4ecf0c90,0x513d0000)
 PSPermGen       total 53888K, used 30282K [0x44590000, 0x47a30000, 0x4c590000)
  object space 53888K, 56% used [0x44590000,0x46322b40,0x47a30000)
Event: 3370.013 GC heap after
Heap after GC invocations=44 (full 2):
 PSYoungGen      total 202048K, used 288K [0x6a990000, 0x794b0000, 0x79b90000)
  eden space 201728K, 0% used [0x6a990000,0x6a990000,0x76e90000)
  from space 320K, 90% used [0x76e90000,0x76ed8000,0x76ee0000)
  to   space 19328K, 0% used [0x781d0000,0x781d0000,0x794b0000)
 ParOldGen       total 80128K, used 40323K [0x4c590000, 0x513d0000, 0x6a990000)
  object space 80128K, 50% used [0x4c590000,0x4ecf0c90,0x513d0000)
 PSPermGen       total 53888K, used 30282K [0x44590000, 0x47a30000, 0x4c590000)
  object space 53888K, 56% used [0x44590000,0x46322b40,0x47a30000)
}
Event: 3701.180 GC heap before
{Heap before GC invocations=45 (full 2):
 PSYoungGen      total 202048K, used 202016K [0x6a990000, 0x794b0000, 0x79b90000)
  eden space 201728K, 100% used [0x6a990000,0x76e90000,0x76e90000)
  from space 320K, 90% used [0x76e90000,0x76ed8000,0x76ee0000)
  to   space 19328K, 0% used [0x781d0000,0x781d0000,0x794b0000)
 ParOldGen       total 80128K, used 40323K [0x4c590000, 0x513d0000, 0x6a990000)
  object space 80128K, 50% used [0x4c590000,0x4ecf0c90,0x513d0000)
 PSPermGen       total 53888K, used 30342K [0x44590000, 0x47a30000, 0x4c590000)
  object space 53888K, 56% used [0x44590000,0x463319a0,0x47a30000)
Event: 3701.188 GC heap after
Heap after GC invocations=45 (full 2):
 PSYoungGen      total 219264K, used 320K [0x6a990000, 0x792b0000, 0x79b90000)
  eden space 201984K, 0% used [0x6a990000,0x6a990000,0x76ed0000)
  from space 17280K, 1% used [0x781d0000,0x78220000,0x792b0000)
  to   space 18368K, 0% used [0x76ed0000,0x76ed0000,0x780c0000)
 ParOldGen       total 80128K, used 40323K [0x4c590000, 0x513d0000, 0x6a990000)
  object space 80128K, 50% used [0x4c590000,0x4ecf0c90,0x513d0000)
 PSPermGen       total 53888K, used 30342K [0x44590000, 0x47a30000, 0x4c590000)
  object space 53888K, 56% used [0x44590000,0x463319a0,0x47a30000)
}
Event: 4711.255 GC heap before
{Heap before GC invocations=46 (full 2):
 PSYoungGen      total 219264K, used 202304K [0x6a990000, 0x792b0000, 0x79b90000)
  eden space 201984K, 100% used [0x6a990000,0x76ed0000,0x76ed0000)
  from space 17280K, 1% used [0x781d0000,0x78220000,0x792b0000)
  to   space 18368K, 0% used [0x76ed0000,0x76ed0000,0x780c0000)
 ParOldGen       total 80128K, used 40323K [0x4c590000, 0x513d0000, 0x6a990000)
  object space 80128K, 50% used [0x4c590000,0x4ecf0c90,0x513d0000)
 PSPermGen       total 53888K, used 30349K [0x44590000, 0x47a30000, 0x4c590000)
  object space 53888K, 56% used [0x44590000,0x46333748,0x47a30000)
Event: 4711.264 GC heap after
Heap after GC invocations=46 (full 2):
 PSYoungGen      total 202368K, used 336K [0x6a990000, 0x79120000, 0x79b90000)
  eden space 201984K, 0% used [0x6a990000,0x6a990000,0x76ed0000)
  from space 384K, 87% used [0x76ed0000,0x76f24000,0x76f30000)
  to   space 17472K, 0% used [0x78010000,0x78010000,0x79120000)
 ParOldGen       total 80128K, used 40323K [0x4c590000, 0x513d0000, 0x6a990000)
  object space 80128K, 50% used [0x4c590000,0x4ecf0c90,0x513d0000)
 PSPermGen       total 53888K, used 30349K [0x44590000, 0x47a30000, 0x4c590000)
  object space 53888K, 56% used [0x44590000,0x46333748,0x47a30000)
}
Event: 6294.556 GC heap before
{Heap before GC invocations=47 (full 2):
 PSYoungGen      total 202368K, used 202320K [0x6a990000, 0x79120000, 0x79b90000)
  eden space 201984K, 100% used [0x6a990000,0x76ed0000,0x76ed0000)
  from space 384K, 87% used [0x76ed0000,0x76f24000,0x76f30000)
  to   space 17472K, 0% used [0x78010000,0x78010000,0x79120000)
 ParOldGen       total 80128K, used 40323K [0x4c590000, 0x513d0000, 0x6a990000)
  object space 80128K, 50% used [0x4c590000,0x4ecf0c90,0x513d0000)
 PSPermGen       total 53888K, used 30359K [0x44590000, 0x47a30000, 0x4c590000)
  object space 53888K, 56% used [0x44590000,0x46335dc0,0x47a30000)
Event: 6294.590 GC heap after
Heap after GC invocations=47 (full 2):
 PSYoungGen      total 217728K, used 352K [0x6a990000, 0x78f40000, 0x79b90000)
  eden space 202176K, 0% used [0x6a990000,0x6a990000,0x76f00000)
  from space 15552K, 2% used [0x78010000,0x78068000,0x78f40000)
  to   space 16512K, 0% used [0x76f00000,0x76f00000,0x77f20000)
 ParOldGen       total 80128K, used 40323K [0x4c590000, 0x513d0000, 0x6a990000)
  object space 80128K, 50% used [0x4c590000,0x4ecf0c90,0x513d0000)
 PSPermGen       total 53888K, used 30359K [0x44590000, 0x47a30000, 0x4c590000)
  object space 53888K, 56% used [0x44590000,0x46335dc0,0x47a30000)
}

