# JRE version: 7.0_04-b21
# Java VM: OpenJDK Server VM (23.0-b21 mixed mode linux-x86 )
Heap
 PSYoungGen      total 170432K, used 66807K [0x6a990000, 0x75be0000, 0x79b90000)
  eden space 169664K, 39% used [0x6a990000,0x6ea4dcb8,0x74f40000)
  from space 768K, 66% used [0x74ff0000,0x75070000,0x750b0000)
  to   space 704K, 0% used [0x74f40000,0x74f40000,0x74ff0000)
 ParOldGen       total 68288K, used 41802K [0x4c590000, 0x50840000, 0x6a990000)
  object space 68288K, 61% used [0x4c590000,0x4ee62878,0x50840000)
 PSPermGen       total 59776K, used 31890K [0x44590000, 0x47ff0000, 0x4c590000)
  object space 59776K, 53% used [0x44590000,0x464b4a98,0x47ff0000)
GC Heap History (10 events):
Event: 5340.037 GC heap before
{Heap before GC invocations=1433 (full 3):
 PSYoungGen      total 165696K, used 165680K [0x6a990000, 0x74da0000, 0x79b90000)
  eden space 165120K, 100% used [0x6a990000,0x74ad0000,0x74ad0000)
  from space 576K, 97% used [0x74ad0000,0x74b5c010,0x74b60000)
  to   space 640K, 0% used [0x74d00000,0x74d00000,0x74da0000)
 ParOldGen       total 68288K, used 41750K [0x4c590000, 0x50840000, 0x6a990000)
  object space 68288K, 61% used [0x4c590000,0x4ee55878,0x50840000)
 PSPermGen       total 59776K, used 31838K [0x44590000, 0x47ff0000, 0x4c590000)
  object space 59776K, 53% used [0x44590000,0x464a79f0,0x47ff0000)
Event: 5340.049 GC heap after
Heap after GC invocations=1433 (full 3):
 PSYoungGen      total 167360K, used 496K [0x6a990000, 0x74db0000, 0x79b90000)
  eden space 166720K, 0% used [0x6a990000,0x6a990000,0x74c60000)
  from space 640K, 77% used [0x74d00000,0x74d7c010,0x74da0000)
  to   space 640K, 0% used [0x74c60000,0x74c60000,0x74d00000)
 ParOldGen       total 68288K, used 41750K [0x4c590000, 0x50840000, 0x6a990000)
  object space 68288K, 61% used [0x4c590000,0x4ee55878,0x50840000)
 PSPermGen       total 59776K, used 31838K [0x44590000, 0x47ff0000, 0x4c590000)
  object space 59776K, 53% used [0x44590000,0x464a79f0,0x47ff0000)
}
Event: 5355.789 GC heap before
{Heap before GC invocations=1434 (full 3):
 PSYoungGen      total 167360K, used 167216K [0x6a990000, 0x74db0000, 0x79b90000)
  eden space 166720K, 100% used [0x6a990000,0x74c60000,0x74c60000)
  from space 640K, 77% used [0x74d00000,0x74d7c010,0x74da0000)
  to   space 640K, 0% used [0x74c60000,0x74c60000,0x74d00000)
 ParOldGen       total 68288K, used 41750K [0x4c590000, 0x50840000, 0x6a990000)
  object space 68288K, 61% used [0x4c590000,0x4ee55878,0x50840000)
 PSPermGen       total 59776K, used 31863K [0x44590000, 0x47ff0000, 0x4c590000)
  object space 59776K, 53% used [0x44590000,0x464ade90,0x47ff0000)
Event: 5355.798 GC heap after
Heap after GC invocations=1434 (full 3):
 PSYoungGen      total 167360K, used 464K [0x6a990000, 0x74f30000, 0x79b90000)
  eden space 166720K, 0% used [0x6a990000,0x6a990000,0x74c60000)
  from space 640K, 72% used [0x74c60000,0x74cd4000,0x74d00000)
  to   space 640K, 0% used [0x74e90000,0x74e90000,0x74f30000)
 ParOldGen       total 68288K, used 41758K [0x4c590000, 0x50840000, 0x6a990000)
  object space 68288K, 61% used [0x4c590000,0x4ee57878,0x50840000)
 PSPermGen       total 59776K, used 31863K [0x44590000, 0x47ff0000, 0x4c590000)
  object space 59776K, 53% used [0x44590000,0x464ade90,0x47ff0000)
}
Event: 5383.448 GC heap before
{Heap before GC invocations=1435 (full 3):
 PSYoungGen      total 167360K, used 167184K [0x6a990000, 0x74f30000, 0x79b90000)
  eden space 166720K, 100% used [0x6a990000,0x74c60000,0x74c60000)
  from space 640K, 72% used [0x74c60000,0x74cd4000,0x74d00000)
  to   space 640K, 0% used [0x74e90000,0x74e90000,0x74f30000)
 ParOldGen       total 68288K, used 41758K [0x4c590000, 0x50840000, 0x6a990000)
  object space 68288K, 61% used [0x4c590000,0x4ee57878,0x50840000)
 PSPermGen       total 59776K, used 31863K [0x44590000, 0x47ff0000, 0x4c590000)
  object space 59776K, 53% used [0x44590000,0x464ade90,0x47ff0000)
Event: 5383.460 GC heap after
Heap after GC invocations=1435 (full 3):
 PSYoungGen      total 168832K, used 640K [0x6a990000, 0x74f30000, 0x79b90000)
  eden space 168192K, 0% used [0x6a990000,0x6a990000,0x74dd0000)
  from space 640K, 100% used [0x74e90000,0x74f30000,0x74f30000)
  to   space 704K, 0% used [0x74dd0000,0x74dd0000,0x74e80000)
 ParOldGen       total 68288K, used 41802K [0x4c590000, 0x50840000, 0x6a990000)
  object space 68288K, 61% used [0x4c590000,0x4ee62878,0x50840000)
 PSPermGen       total 59776K, used 31863K [0x44590000, 0x47ff0000, 0x4c590000)
  object space 59776K, 53% used [0x44590000,0x464ade90,0x47ff0000)
}
Event: 5408.769 GC heap before
{Heap before GC invocations=1436 (full 3):
 PSYoungGen      total 168832K, used 168832K [0x6a990000, 0x74f30000, 0x79b90000)
  eden space 168192K, 100% used [0x6a990000,0x74dd0000,0x74dd0000)
  from space 640K, 100% used [0x74e90000,0x74f30000,0x74f30000)
  to   space 704K, 0% used [0x74dd0000,0x74dd0000,0x74e80000)
 ParOldGen       total 68288K, used 41802K [0x4c590000, 0x50840000, 0x6a990000)
  object space 68288K, 61% used [0x4c590000,0x4ee62878,0x50840000)
 PSPermGen       total 59776K, used 31863K [0x44590000, 0x47ff0000, 0x4c590000)
  object space 59776K, 53% used [0x44590000,0x464ade90,0x47ff0000)
Event: 5408.780 GC heap after
Heap after GC invocations=1436 (full 3):
 PSYoungGen      total 168896K, used 672K [0x6a990000, 0x750b0000, 0x79b90000)
  eden space 168192K, 0% used [0x6a990000,0x6a990000,0x74dd0000)
  from space 704K, 95% used [0x74dd0000,0x74e78010,0x74e80000)
  to   space 768K, 0% used [0x74ff0000,0x74ff0000,0x750b0000)
 ParOldGen       total 68288K, used 41802K [0x4c590000, 0x50840000, 0x6a990000)
  object space 68288K, 61% used [0x4c590000,0x4ee62878,0x50840000)
 PSPermGen       total 59776K, used 31863K [0x44590000, 0x47ff0000, 0x4c590000)
  object space 59776K, 53% used [0x44590000,0x464ade90,0x47ff0000)
}
Event: 5426.812 GC heap before
{Heap before GC invocations=1437 (full 3):
 PSYoungGen      total 168896K, used 168864K [0x6a990000, 0x750b0000, 0x79b90000)
  eden space 168192K, 100% used [0x6a990000,0x74dd0000,0x74dd0000)
  from space 704K, 95% used [0x74dd0000,0x74e78010,0x74e80000)
  to   space 768K, 0% used [0x74ff0000,0x74ff0000,0x750b0000)
 ParOldGen       total 68288K, used 41802K [0x4c590000, 0x50840000, 0x6a990000)
  object space 68288K, 61% used [0x4c590000,0x4ee62878,0x50840000)
 PSPermGen       total 59776K, used 31876K [0x44590000, 0x47ff0000, 0x4c590000)
  object space 59776K, 53% used [0x44590000,0x464b1050,0x47ff0000)
Event: 5427.374 GC heap after
Heap after GC invocations=1437 (full 3):
 PSYoungGen      total 170432K, used 512K [0x6a990000, 0x75be0000, 0x79b90000)
  eden space 169664K, 0% used [0x6a990000,0x6a990000,0x74f40000)
  from space 768K, 66% used [0x74ff0000,0x75070000,0x750b0000)
  to   space 704K, 0% used [0x74f40000,0x74f40000,0x74ff0000)
 ParOldGen       total 68288K, used 41802K [0x4c590000, 0x50840000, 0x6a990000)
  object space 68288K, 61% used [0x4c590000,0x4ee62878,0x50840000)
 PSPermGen       total 59776K, used 31876K [0x44590000, 0x47ff0000, 0x4c590000)
  object space 59776K, 53% used [0x44590000,0x464b1050,0x47ff0000)
}

